#
# There is insufficient memory for the Java Runtime Environment to continue.
# Native memory allocation (malloc) failed to allocate 32744 bytes for ChunkPool::allocate
# Possible reasons:
#   The system is out of physical RAM or swap space
#   In 32 bit mode, the process size limit was hit
# Possible solutions:
#   Reduce memory load on the system
#   Increase physical memory or swap space
#   Check if swap backing store is full
#   Use 64 bit Java on a 64 bit OS
#   Decrease Java heap size (-Xmx/-Xms)
#   Decrease number of Java threads
#   Decrease Java thread stack sizes (-Xss)
#   Set larger code cache with -XX:ReservedCodeCacheSize=
# This output file may be truncated or incomplete.
#
#  Out of Memory Error (allocation.cpp:273), pid=6592, tid=12800
#
# JRE version: Java(TM) SE Runtime Environment (8.0_40-b25) (build 1.8.0_40-b25)
# Java VM: Java HotSpot(TM) 64-Bit Server VM (25.40-b25 mixed mode windows-amd64 compressed oops)
# Failed to write core dump. Minidumps are not enabled by default on client versions of Windows
#

---------------  T H R E A D  ---------------

Current thread (0x0000000015819000):  JavaThread "C2 CompilerThread1" daemon [_thread_in_native, id=12800, stack(0x0000000016e60000,0x0000000016f60000)]

Stack: [0x0000000016e60000,0x0000000016f60000]
Native frames: (J=compiled Java code, j=interpreted, Vv=VM code, C=native code)
V  [jvm.dll+0x32b47a]
V  [jvm.dll+0x2797f3]
V  [jvm.dll+0x27a489]
V  [jvm.dll+0x2717a5]
V  [jvm.dll+0xcb7c4]
V  [jvm.dll+0xcb9e7]
V  [jvm.dll+0xcbe6c]
V  [jvm.dll+0x4ea9e0]
V  [jvm.dll+0x4db7c0]
V  [jvm.dll+0x4dc217]
V  [jvm.dll+0x46a551]
V  [jvm.dll+0x46cd52]
V  [jvm.dll+0x4500d2]
V  [jvm.dll+0xa4312]
V  [jvm.dll+0xa4c4f]
V  [jvm.dll+0x241914]
V  [jvm.dll+0x29848a]
C  [msvcr100.dll+0x21d9f]
C  [msvcr100.dll+0x21e3b]
C  [KERNEL32.DLL+0x18102]
C  [ntdll.dll+0x5c5b4]


Current CompileTask:
C2:   3125  414       4       java.util.ArrayList$Itr::hasNext (20 bytes)


---------------  P R O C E S S  ---------------

Java Threads: ( => current thread )
  0x00000000171e1000 JavaThread "pool-2-thread-2" [_thread_in_Java, id=8388, stack(0x0000000017860000,0x0000000017960000)]
  0x00000000171b4000 JavaThread "pool-3-thread-1" [_thread_blocked, id=8432, stack(0x0000000017760000,0x0000000017860000)]
  0x000000001585d800 JavaThread "Service Thread" daemon [_thread_blocked, id=1760, stack(0x0000000017460000,0x0000000017560000)]
  0x0000000015859000 JavaThread "C1 CompilerThread2" daemon [_thread_in_native, id=640, stack(0x0000000016f60000,0x0000000017060000)]
=>0x0000000015819000 JavaThread "C2 CompilerThread1" daemon [_thread_in_native, id=12800, stack(0x0000000016e60000,0x0000000016f60000)]
  0x00000000157fd000 JavaThread "C2 CompilerThread0" daemon [_thread_in_vm, id=5044, stack(0x0000000016d60000,0x0000000016e60000)]
  0x00000000157fb000 JavaThread "Attach Listener" daemon [_thread_blocked, id=8036, stack(0x0000000016c60000,0x0000000016d60000)]
  0x00000000157fa000 JavaThread "Signal Dispatcher" daemon [_thread_blocked, id=7336, stack(0x0000000016b60000,0x0000000016c60000)]
  0x0000000003100800 JavaThread "Finalizer" daemon [_thread_blocked, id=4032, stack(0x0000000016a50000,0x0000000016b50000)]
  0x00000000030fd000 JavaThread "Reference Handler" daemon [_thread_blocked, id=9020, stack(0x0000000016950000,0x0000000016a50000)]
  0x0000000002efd800 JavaThread "main" [_thread_blocked, id=9852, stack(0x0000000002dc0000,0x0000000002ec0000)]

Other Threads:
  0x00000000157c8000 VMThread [stack: 0x0000000016850000,0x0000000016950000] [id=12436]
  0x0000000017061800 WatcherThread [stack: 0x0000000017560000,0x0000000017660000] [id=13200]

VM state:not at safepoint (normal execution)

VM Mutex/Monitor currently owned by a thread: None

Heap:
 PSYoungGen      total 38400K, used 9395K [0x00000000eab00000, 0x00000000ed580000, 0x0000000100000000)
  eden space 33280K, 28% used [0x00000000eab00000,0x00000000eb42cee0,0x00000000ecb80000)
  from space 5120K, 0% used [0x00000000ed080000,0x00000000ed080000,0x00000000ed580000)
  to   space 5120K, 0% used [0x00000000ecb80000,0x00000000ecb80000,0x00000000ed080000)
 ParOldGen       total 87552K, used 0K [0x00000000c0000000, 0x00000000c5580000, 0x00000000eab00000)
  object space 87552K, 0% used [0x00000000c0000000,0x00000000c0000000,0x00000000c5580000)
 Metaspace       used 5215K, capacity 6288K, committed 6528K, reserved 1056768K
  class space    used 567K, capacity 584K, committed 640K, reserved 1048576K

Card table byte_map: [0x00000000124d0000,0x00000000126e0000] byte_map_base: 0x0000000011ed0000

Marking Bits: (ParMarkBitMap*) 0x0000000066204040
 Begin Bits: [0x0000000012c40000, 0x0000000013c40000)
 End Bits:   [0x0000000013c40000, 0x0000000014c40000)

Polling page: 0x0000000002ec0000

CodeCache: size=245760Kb used=1778Kb max_used=1789Kb free=243981Kb
 bounds [0x0000000003110000, 0x0000000003380000, 0x0000000012110000]
 total_blobs=658 nmethods=391 adapters=180
 compilation: enabled

Compilation events (10 events):
Event: 3.077 Thread 0x0000000015859000  388       3       java.lang.Integer::numberOfTrailingZeros (79 bytes)
Event: 3.077 Thread 0x0000000015859000 nmethod 388 0x00000000032cc390 code [0x00000000032cc500, 0x00000000032cc7b0]
Event: 3.077 Thread 0x0000000015859000  389       3       com.android.dx.util.Bits::set (19 bytes)
Event: 3.078 Thread 0x0000000015859000 nmethod 389 0x00000000032cc810 code [0x00000000032cc960, 0x00000000032ccad0]
Event: 3.079 Thread 0x0000000015859000  390   !   3       com.android.dx.cf.code.BytecodeArray::parseInstruction (2764 bytes)
Event: 3.089 Thread 0x0000000015819000  404   !   4       com.android.dx.util.FixedSizeList::get0 (47 bytes)
Event: 3.090 Thread 0x0000000015819000 nmethod 404 0x00000000032cf890 code [0x00000000032cf9c0, 0x00000000032cfa78]
Event: 3.091 Thread 0x00000000157fd000  408       4       java.util.BitSet::checkInvariants (111 bytes)
Event: 3.092 Thread 0x00000000157fd000 nmethod 408 0x00000000032c94d0 code [0x00000000032c9600, 0x00000000032c9658]
Event: 3.101 Thread 0x0000000015819000  414       4       java.util.ArrayList$Itr::hasNext (20 bytes)

GC Heap History (0 events):
No events

Deoptimization events (0 events):
No events

Internal exceptions (2 events):
Event: 0.448 Thread 0x0000000002efd800 Exception <a 'java/lang/NoSuchMethodError': Method sun.misc.Unsafe.defineClass(Ljava/lang/String;[BII)Ljava/lang/Class; name or signature does not match> (0x00000000eab0d8c0) thrown at [D:\re\workspace\8-2-build-windows-amd64-cygwin\jdk8u40\2855\hotspot\srˆöüOd®Ü?
Event: 0.448 Thread 0x0000000002efd800 Exception <a 'java/lang/NoSuchMethodError': Method sun.misc.Unsafe.prefetchRead(Ljava/lang/Object;J)V name or signature does not match> (0x00000000eab0db50) thrown at [D:\re\workspace\8-2-build-windows-amd64-cygwin\jdk8u40\2855\hotspot\src\share\vm\prims\j

Events (10 events):
Event: 3.063 loading class com/android/dx/dex/file/CodeItem
Event: 3.063 loading class com/android/dx/dex/file/CodeItem done
Event: 3.065 loading class com/android/dx/dex/file/DebugInfoItem
Event: 3.065 loading class com/android/dx/dex/file/DebugInfoItem done
Event: 3.067 loading class java/io/PrintWriter
Event: 3.067 loading class java/io/PrintWriter done
Event: 3.068 loading class com/android/dx/rop/annotation/AnnotationsList
Event: 3.068 loading class com/android/dx/rop/annotation/AnnotationsList done
Event: 3.071 loading class com/android/dx/dex/file/MethodIdItem
Event: 3.071 loading class com/android/dx/dex/file/MethodIdItem done


Dynamic libraries:
0x00007ff643df0000 - 0x00007ff643e27000 	C:\Program Files\Java\jdk1.8.0_40\bin\java.exe
0x00007ffc30520000 - 0x00007ffc306e1000 	C:\WINDOWS\SYSTEM32\ntdll.dll
0x00007ffc2fff0000 - 0x00007ffc3009d000 	C:\WINDOWS\system32\KERNEL32.DLL
0x00007ffc2d3a0000 - 0x00007ffc2d588000 	C:\WINDOWS\system32\KERNELBASE.dll
0x00007ffc2f120000 - 0x00007ffc2f1c7000 	C:\WINDOWS\system32\ADVAPI32.dll
0x00007ffc2d980000 - 0x00007ffc2da1d000 	C:\WINDOWS\system32\msvcrt.dll
0x00007ffc2fe30000 - 0x00007ffc2fe8b000 	C:\WINDOWS\system32\sechost.dll
0x00007ffc2fa70000 - 0x00007ffc2fb8c000 	C:\WINDOWS\system32\RPCRT4.dll
0x00007ffc2fe90000 - 0x00007ffc2ffe6000 	C:\WINDOWS\system32\USER32.dll
0x00007ffc2fca0000 - 0x00007ffc2fe26000 	C:\WINDOWS\system32\GDI32.dll
0x00007ffc1f170000 - 0x00007ffc1f3e4000 	C:\WINDOWS\WinSxS\amd64_microsoft.windows.common-controls_6595b64144ccf1df_6.0.10586.589_none_a2ddb3caa539acce\COMCTL32.dll
0x00007ffc30110000 - 0x00007ffc3038d000 	C:\WINDOWS\system32\combase.dll
0x00007ffc2d7f0000 - 0x00007ffc2d85a000 	C:\WINDOWS\system32\bcryptPrimitives.dll
0x00007ffc304e0000 - 0x00007ffc3051b000 	C:\WINDOWS\system32\IMM32.DLL
0x0000000066290000 - 0x0000000066362000 	C:\Program Files\Java\jdk1.8.0_40\jre\bin\msvcr100.dll
0x0000000065a00000 - 0x0000000066283000 	C:\Program Files\Java\jdk1.8.0_40\jre\bin\server\jvm.dll
0x00007ffc2f0a0000 - 0x00007ffc2f0a8000 	C:\WINDOWS\system32\PSAPI.DLL
0x00007ffc221f0000 - 0x00007ffc221f9000 	C:\WINDOWS\SYSTEM32\WSOCK32.dll
0x00007ffc2f470000 - 0x00007ffc2f4db000 	C:\WINDOWS\system32\WS2_32.dll
0x00007ffc2af70000 - 0x00007ffc2af93000 	C:\WINDOWS\SYSTEM32\WINMM.dll
0x00007ffc1c290000 - 0x00007ffc1c29a000 	C:\WINDOWS\SYSTEM32\VERSION.dll
0x00007ffc2ae20000 - 0x00007ffc2ae4c000 	C:\WINDOWS\SYSTEM32\WINMMBASE.dll
0x00007ffc2d220000 - 0x00007ffc2d263000 	C:\WINDOWS\system32\cfgmgr32.dll
0x00000000659f0000 - 0x00000000659ff000 	C:\Program Files\Java\jdk1.8.0_40\jre\bin\verify.dll
0x00000000659c0000 - 0x00000000659e9000 	C:\Program Files\Java\jdk1.8.0_40\jre\bin\java.dll
0x00000000659a0000 - 0x00000000659b6000 	C:\Program Files\Java\jdk1.8.0_40\jre\bin\zip.dll
0x00007ffc2db40000 - 0x00007ffc2f09c000 	C:\WINDOWS\system32\SHELL32.dll
0x00007ffc2cbd0000 - 0x00007ffc2d215000 	C:\WINDOWS\system32\windows.storage.dll
0x00007ffc2dad0000 - 0x00007ffc2db22000 	C:\WINDOWS\system32\shlwapi.dll
0x00007ffc2cbc0000 - 0x00007ffc2cbcf000 	C:\WINDOWS\system32\kernel.appcore.dll
0x00007ffc2d860000 - 0x00007ffc2d915000 	C:\WINDOWS\system32\shcore.dll
0x00007ffc2cb50000 - 0x00007ffc2cb9b000 	C:\WINDOWS\system32\powrprof.dll
0x00007ffc2cba0000 - 0x00007ffc2cbb4000 	C:\WINDOWS\system32\profapi.dll
0x00007ffc28a70000 - 0x00007ffc28bfc000 	C:\WINDOWS\SYSTEM32\dbghelp.dll

VM Arguments:
jvm_args: -Djava.awt.headless=true -Xmx1024M -Dfile.encoding=windows-1252 -Duser.country=DE -Duser.language=de -Duser.variant 
java_command: com.android.dx.command.Main --dex --force-jumbo --num-threads=4 --multi-dex --output C:\Users\Lou\Desktop\kaist_cs482_2016_team1\android\pacman\build\intermediates\transforms\dex\debug\folders\1000\5\slice_0 C:\Users\Lou\Desktop\kaist_cs482_2016_team1\android\pacman\build\intermediates\transforms\instantRunSlicer\debug\folders\1\5\slice_0
java_class_path (initial): C:\Users\Lou\AppData\Local\Android\sdk\build-tools\24.0.1\lib\dx.jar
Launcher Type: SUN_STANDARD

Environment Variables:
JAVA_HOME=C:\Program Files\Java\jdk1.8.0_40
PATH=C:\ProgramData\Oracle\Java\javapath;C:\windows\system32;C:\windows;C:\windows\System32\Wbem;C:\windows\System32\WindowsPowerShell\v1.0\;C:\Program Files (x86)\Windows Kits\8.1\Windows Performance Toolkit\;C:\Program Files\Microsoft SQL Server\110\Tools\Binn\;C:\Program Files (x86)\Microsoft SDKs\TypeScript\1.0\;C:\Program Files\Microsoft SQL Server\120\Tools\Binn\;C:\Program Files (x86)\MiKTeX 2.9\miktex\bin\;c:\Program Files (x86)\Microsoft SQL Server\100\Tools\Binn\;c:\Program Files\Microsoft SQL Server\100\Tools\Binn\;c:\Program Files\Microsoft SQL Server\100\DTS\Binn\;C:\Program Files\nodejs\;C:\Program Files\MongoDB\Server\3.0\bin;C:\Python34\Scripts;C:\Program Files\apache-ant-1.9.4\bin;C:\Program Files\MATLAB\R2015a\runtime\win64;C:\Program Files\MATLAB\R2015a\bin;C:\Program Files\MATLAB\R2015a\polyspace\bin;C:\WINDOWS\system32;C:\WINDOWS;C:\WINDOWS\System32\Wbem;C:\WINDOWS\System32\WindowsPowerShell\v1.0\;C:\Program Files (x86)\Skype\Phone\;C:\Users\Lou\AppData\Roaming\npm
USERNAME=Lou
OS=Windows_NT
PROCESSOR_IDENTIFIER=Intel64 Family 6 Model 69 Stepping 1, GenuineIntel



---------------  S Y S T E M  ---------------

OS: Windows 10.0 , 64 bit Build 10586 (10.0.10586.589)

CPU:total 4 (2 cores per cpu, 2 threads per core) family 6 model 69 stepping 1, cmov, cx8, fxsr, mmx, sse, sse2, sse3, ssse3, sse4.1, sse4.2, popcnt, avx, avx2, aes, clmul, erms, lzcnt, ht, tsc, tscinvbit, bmi1, bmi2

Memory: 4k page, physical 8291400k(2295376k free), swap 33457224k(4108k free)

vm_info: Java HotSpot(TM) 64-Bit Server VM (25.40-b25) for windows-amd64 JRE (1.8.0_40-b25), built on Feb 10 2015 21:53:57 by "java_re" with MS VC++ 10.0 (VS2010)

time: Fri Sep 30 14:34:14 2016
elapsed time: 3 seconds (0d 0h 0m 3s)

