#
# There is insufficient memory for the Java Runtime Environment to continue.
# Native memory allocation (malloc) failed to allocate 1689056 bytes for Chunk::new
# Possible reasons:
#   The system is out of physical RAM or swap space
#   In 32 bit mode, the process size limit was hit
# Possible solutions:
#   Reduce memory load on the system
#   Increase physical memory or swap space
#   Check if swap backing store is full
#   Use 64 bit Java on a 64 bit OS
#   Decrease Java heap size (-Xmx/-Xms)
#   Decrease number of Java threads
#   Decrease Java thread stack sizes (-Xss)
#   Set larger code cache with -XX:ReservedCodeCacheSize=
# This output file may be truncated or incomplete.
#
#  Out of Memory Error (allocation.cpp:390), pid=6436, tid=6948
#
# JRE version: Java(TM) SE Runtime Environment (8.0_40-b25) (build 1.8.0_40-b25)
# Java VM: Java HotSpot(TM) 64-Bit Server VM (25.40-b25 mixed mode windows-amd64 compressed oops)
# Failed to write core dump. Minidumps are not enabled by default on client versions of Windows
#

---------------  T H R E A D  ---------------

Current thread (0x0000000014960800):  JavaThread "C2 CompilerThread1" daemon [_thread_in_native, id=6948, stack(0x0000000015fd0000,0x00000000160d0000)]

Stack: [0x0000000015fd0000,0x00000000160d0000]
Native frames: (J=compiled Java code, j=interpreted, Vv=VM code, C=native code)
V  [jvm.dll+0x32b47a]
V  [jvm.dll+0x2797f3]
V  [jvm.dll+0x27a489]
V  [jvm.dll+0x2717a5]
V  [jvm.dll+0xcb9a2]
V  [jvm.dll+0xcbe6c]
V  [jvm.dll+0x476ea2]
V  [jvm.dll+0x4b950f]
V  [jvm.dll+0x46bf81]
V  [jvm.dll+0x46ccbe]
V  [jvm.dll+0x4500d2]
V  [jvm.dll+0xa4312]
V  [jvm.dll+0xa4c4f]
V  [jvm.dll+0x241914]
V  [jvm.dll+0x29848a]
C  [msvcr100.dll+0x21d9f]
C  [msvcr100.dll+0x21e3b]
C  [KERNEL32.DLL+0x18102]
C  [ntdll.dll+0x5c5b4]


Current CompileTask:
C2:   4451 1159   !   4       com.android.dx.cf.code.BytecodeArray::parseInstruction (2764 bytes)


---------------  P R O C E S S  ---------------

Java Threads: ( => current thread )
  0x0000000016447800 JavaThread "pool-2-thread-3" [_thread_in_Java, id=4184, stack(0x0000000016ad0000,0x0000000016bd0000)]
  0x000000001635d000 JavaThread "pool-2-thread-2" [_thread_in_Java, id=6384, stack(0x00000000169d0000,0x0000000016ad0000)]
  0x0000000016336800 JavaThread "pool-3-thread-1" [_thread_blocked, id=4368, stack(0x00000000168d0000,0x00000000169d0000)]
  0x00000000149bd800 JavaThread "Service Thread" daemon [_thread_blocked, id=4988, stack(0x00000000165d0000,0x00000000166d0000)]
  0x00000000149b9000 JavaThread "C1 CompilerThread2" daemon [_thread_blocked, id=4844, stack(0x00000000160d0000,0x00000000161d0000)]
=>0x0000000014960800 JavaThread "C2 CompilerThread1" daemon [_thread_in_native, id=6948, stack(0x0000000015fd0000,0x00000000160d0000)]
  0x000000001495d000 JavaThread "C2 CompilerThread0" daemon [_thread_in_native, id=10456, stack(0x0000000015ed0000,0x0000000015fd0000)]
  0x000000001495b000 JavaThread "Attach Listener" daemon [_thread_blocked, id=12492, stack(0x0000000015dd0000,0x0000000015ed0000)]
  0x000000001495a000 JavaThread "Signal Dispatcher" daemon [_thread_blocked, id=4860, stack(0x0000000015cd0000,0x0000000015dd0000)]
  0x0000000002280800 JavaThread "Finalizer" daemon [_thread_blocked, id=4204, stack(0x0000000015bd0000,0x0000000015cd0000)]
  0x000000000227d000 JavaThread "Reference Handler" daemon [_thread_blocked, id=10124, stack(0x0000000015ad0000,0x0000000015bd0000)]
  0x0000000001fdd800 JavaThread "main" [_thread_blocked, id=11328, stack(0x0000000001fe0000,0x00000000020e0000)]

Other Threads:
  0x0000000014928000 VMThread [stack: 0x00000000159d0000,0x0000000015ad0000] [id=5916]
  0x00000000161d2800 WatcherThread [stack: 0x00000000166d0000,0x00000000167d0000] [id=8424]

VM state:not at safepoint (normal execution)

VM Mutex/Monitor currently owned by a thread: None

Heap:
 PSYoungGen      total 38400K, used 36693K [0x00000000eab00000, 0x00000000ed580000, 0x0000000100000000)
  eden space 33280K, 94% used [0x00000000eab00000,0x00000000ec9d8500,0x00000000ecb80000)
  from space 5120K, 99% used [0x00000000ecb80000,0x00000000ed07d090,0x00000000ed080000)
  to   space 5120K, 0% used [0x00000000ed080000,0x00000000ed080000,0x00000000ed580000)
 ParOldGen       total 87552K, used 5179K [0x00000000c0000000, 0x00000000c5580000, 0x00000000eab00000)
  object space 87552K, 5% used [0x00000000c0000000,0x00000000c050ef18,0x00000000c5580000)
 Metaspace       used 5821K, capacity 6896K, committed 7040K, reserved 1056768K
  class space    used 586K, capacity 616K, committed 640K, reserved 1048576K

Card table byte_map: [0x0000000011650000,0x0000000011860000] byte_map_base: 0x0000000011050000

Marking Bits: (ParMarkBitMap*) 0x0000000066204040
 Begin Bits: [0x0000000011dc0000, 0x0000000012dc0000)
 End Bits:   [0x0000000012dc0000, 0x0000000013dc0000)

Polling page: 0x0000000000900000

CodeCache: size=245760Kb used=4798Kb max_used=4798Kb free=240961Kb
 bounds [0x0000000002290000, 0x0000000002750000, 0x0000000011290000]
 total_blobs=1479 nmethods=1210 adapters=182
 compilation: enabled

Compilation events (10 events):
Event: 3.946 Thread 0x00000000149b9000 1203       1       java.util.concurrent.locks.AbstractQueuedSynchronizer::getState (5 bytes)
Event: 3.946 Thread 0x00000000149b9000 nmethod 1203 0x00000000027382d0 code [0x0000000002738420, 0x0000000002738530]
Event: 4.129 Thread 0x00000000149b9000 1210       2       com.android.dx.util.ListIntSet::<init> (23 bytes)
Event: 4.130 Thread 0x00000000149b9000 nmethod 1210 0x0000000002738590 code [0x0000000002738720, 0x0000000002738a98]
Event: 4.138 Thread 0x00000000149b9000 1211       2       com.android.dx.util.ListIntSet::has (17 bytes)
Event: 4.139 Thread 0x00000000149b9000 nmethod 1211 0x0000000002738d10 code [0x0000000002738e80, 0x0000000002739008]
Event: 4.139 Thread 0x00000000149b9000 1212       2       com.android.dx.util.ListIntSet::add (26 bytes)
Event: 4.139 Thread 0x00000000149b9000 nmethod 1212 0x00000000027390d0 code [0x0000000002739240, 0x0000000002739418]
Event: 4.141 Thread 0x00000000149b9000 1213       2       com.android.dx.util.IntList::insert (115 bytes)
Event: 4.142 Thread 0x00000000149b9000 nmethod 1213 0x0000000002739510 code [0x00000000027396a0, 0x0000000002739a88]

GC Heap History (2 events):
Event: 3.857 GC heap before
{Heap before GC invocations=1 (full 0):
 PSYoungGen      total 38400K, used 33280K [0x00000000eab00000, 0x00000000ed580000, 0x0000000100000000)
  eden space 33280K, 100% used [0x00000000eab00000,0x00000000ecb80000,0x00000000ecb80000)
  from space 5120K, 0% used [0x00000000ed080000,0x00000000ed080000,0x00000000ed580000)
  to   space 5120K, 0% used [0x00000000ecb80000,0x00000000ecb80000,0x00000000ed080000)
 ParOldGen       total 87552K, used 0K [0x00000000c0000000, 0x00000000c5580000, 0x00000000eab00000)
  object space 87552K, 0% used [0x00000000c0000000,0x00000000c0000000,0x00000000c5580000)
 Metaspace       used 5797K, capacity 6832K, committed 7040K, reserved 1056768K
  class space    used 585K, capacity 616K, committed 640K, reserved 1048576K
Event: 3.900 GC heap after
Heap after GC invocations=1 (full 0):
 PSYoungGen      total 38400K, used 5108K [0x00000000eab00000, 0x00000000ed580000, 0x0000000100000000)
  eden space 33280K, 0% used [0x00000000eab00000,0x00000000eab00000,0x00000000ecb80000)
  from space 5120K, 99% used [0x00000000ecb80000,0x00000000ed07d090,0x00000000ed080000)
  to   space 5120K, 0% used [0x00000000ed080000,0x00000000ed080000,0x00000000ed580000)
 ParOldGen       total 87552K, used 5179K [0x00000000c0000000, 0x00000000c5580000, 0x00000000eab00000)
  object space 87552K, 5% used [0x00000000c0000000,0x00000000c050ef18,0x00000000c5580000)
 Metaspace       used 5797K, capacity 6832K, committed 7040K, reserved 1056768K
  class space    used 585K, capacity 616K, committed 640K, reserved 1048576K
}

Deoptimization events (10 events):
Event: 3.283 Thread 0x0000000016310800 Uncommon trap: reason=unstable_if action=reinterpret pc=0x00000000026243e0 method=com.android.dx.cf.code.BasicBlocker.addWorkIfNecessary(IZ)V @ 8
Event: 3.286 Thread 0x0000000016310800 Uncommon trap: reason=class_check action=maybe_recompile pc=0x00000000025ff3a4 method=com.android.dx.rop.type.Type.equals(Ljava/lang/Object;)Z @ 8
Event: 3.311 Thread 0x0000000016310800 Uncommon trap: reason=unstable_if action=reinterpret pc=0x000000000264a138 method=com.android.dx.cf.code.Ropper.labelToResultIndex(I)I @ 34
Event: 3.373 Thread 0x0000000016310800 Uncommon trap: reason=class_check action=maybe_recompile pc=0x00000000025ff3a4 method=com.android.dx.rop.type.Type.equals(Ljava/lang/Object;)Z @ 8
Event: 3.387 Thread 0x0000000016310800 Uncommon trap: reason=class_check action=maybe_recompile pc=0x00000000025ff3a4 method=com.android.dx.rop.type.Type.equals(Ljava/lang/Object;)Z @ 8
Event: 3.389 Thread 0x0000000016310800 Uncommon trap: reason=class_check action=maybe_recompile pc=0x00000000025ff3a4 method=com.android.dx.rop.type.Type.equals(Ljava/lang/Object;)Z @ 8
Event: 3.590 Thread 0x000000001635d000 Uncommon trap: reason=class_check action=maybe_recompile pc=0x00000000026f636c method=com.android.dx.cf.code.BytecodeArray.parseInstruction(ILcom/android/dx/cf/code/BytecodeArray$Visitor;)I @ 987
Event: 3.614 Thread 0x0000000016447800 Uncommon trap: reason=class_check action=maybe_recompile pc=0x00000000026f636c method=com.android.dx.cf.code.BytecodeArray.parseInstruction(ILcom/android/dx/cf/code/BytecodeArray$Visitor;)I @ 987
Event: 3.659 Thread 0x0000000016447800 Uncommon trap: reason=class_check action=maybe_recompile pc=0x00000000026f636c method=com.android.dx.cf.code.BytecodeArray.parseInstruction(ILcom/android/dx/cf/code/BytecodeArray$Visitor;)I @ 987
Event: 3.660 Thread 0x0000000016447800 Uncommon trap: reason=class_check action=maybe_recompile pc=0x00000000026f636c method=com.android.dx.cf.code.BytecodeArray.parseInstruction(ILcom/android/dx/cf/code/BytecodeArray$Visitor;)I @ 987

Internal exceptions (2 events):
Event: 1.329 Thread 0x0000000001fdd800 Exception <a 'java/lang/NoSuchMethodError': Method sun.misc.Unsafe.defineClass(Ljava/lang/String;[BII)Ljava/lang/Class; name or signature does not match> (0x00000000eab0d740) thrown at [D:\re\workspace\8-2-build-windows-amd64-cygwin\jdk8u40\2855\hotspot\sr∞±¥"‰Bı?
Event: 1.329 Thread 0x0000000001fdd800 Exception <a 'java/lang/NoSuchMethodError': Method sun.misc.Unsafe.prefetchRead(Ljava/lang/Object;J)V name or signature does not match> (0x00000000eab0d9d0) thrown at [D:\re\workspace\8-2-build-windows-amd64-cygwin\jdk8u40\2855\hotspot\src\share\vm\prims\j

Events (10 events):
Event: 3.660 Thread 0x0000000016447800 DEOPT PACKING pc=0x00000000026f636c sp=0x0000000016bcea90
Event: 3.660 Thread 0x0000000016447800 DEOPT UNPACKING pc=0x00000000022d582a sp=0x0000000016bce9f0 mode 2
Event: 3.827 Thread 0x0000000016449800 Thread exited: 0x0000000016449800
Event: 3.840 Executing VM operation: ParallelGCFailedAllocation
Event: 3.900 Executing VM operation: ParallelGCFailedAllocation done
Event: 3.920 Thread 0x0000000016310800 Thread exited: 0x0000000016310800
Event: 4.067 loading class com/android/dx/util/ListIntSet
Event: 4.067 loading class com/android/dx/util/ListIntSet done
Event: 4.068 Executing VM operation: Deoptimize
Event: 4.127 Executing VM operation: Deoptimize done


Dynamic libraries:
0x00007ff643df0000 - 0x00007ff643e27000 	C:\Program Files\Java\jdk1.8.0_40\bin\java.exe
0x00007ffc30520000 - 0x00007ffc306e1000 	C:\WINDOWS\SYSTEM32\ntdll.dll
0x00007ffc2fff0000 - 0x00007ffc3009d000 	C:\WINDOWS\system32\KERNEL32.DLL
0x00007ffc2d3a0000 - 0x00007ffc2d588000 	C:\WINDOWS\system32\KERNELBASE.dll
0x00007ffc2f120000 - 0x00007ffc2f1c7000 	C:\WINDOWS\system32\ADVAPI32.dll
0x00007ffc2d980000 - 0x00007ffc2da1d000 	C:\WINDOWS\system32\msvcrt.dll
0x00007ffc2fe30000 - 0x00007ffc2fe8b000 	C:\WINDOWS\system32\sechost.dll
0x00007ffc2fa70000 - 0x00007ffc2fb8c000 	C:\WINDOWS\system32\RPCRT4.dll
0x00007ffc2fe90000 - 0x00007ffc2ffe6000 	C:\WINDOWS\system32\USER32.dll
0x00007ffc2fca0000 - 0x00007ffc2fe26000 	C:\WINDOWS\system32\GDI32.dll
0x00007ffc1f170000 - 0x00007ffc1f3e4000 	C:\WINDOWS\WinSxS\amd64_microsoft.windows.common-controls_6595b64144ccf1df_6.0.10586.589_none_a2ddb3caa539acce\COMCTL32.dll
0x00007ffc30110000 - 0x00007ffc3038d000 	C:\WINDOWS\system32\combase.dll
0x00007ffc2d7f0000 - 0x00007ffc2d85a000 	C:\WINDOWS\system32\bcryptPrimitives.dll
0x00007ffc304e0000 - 0x00007ffc3051b000 	C:\WINDOWS\system32\IMM32.DLL
0x0000000066290000 - 0x0000000066362000 	C:\Program Files\Java\jdk1.8.0_40\jre\bin\msvcr100.dll
0x0000000065a00000 - 0x0000000066283000 	C:\Program Files\Java\jdk1.8.0_40\jre\bin\server\jvm.dll
0x00007ffc2f0a0000 - 0x00007ffc2f0a8000 	C:\WINDOWS\system32\PSAPI.DLL
0x00007ffc221f0000 - 0x00007ffc221f9000 	C:\WINDOWS\SYSTEM32\WSOCK32.dll
0x00007ffc2f470000 - 0x00007ffc2f4db000 	C:\WINDOWS\system32\WS2_32.dll
0x00007ffc2af70000 - 0x00007ffc2af93000 	C:\WINDOWS\SYSTEM32\WINMM.dll
0x00007ffc1c290000 - 0x00007ffc1c29a000 	C:\WINDOWS\SYSTEM32\VERSION.dll
0x00007ffc2ae20000 - 0x00007ffc2ae4c000 	C:\WINDOWS\SYSTEM32\WINMMBASE.dll
0x00007ffc2d220000 - 0x00007ffc2d263000 	C:\WINDOWS\system32\cfgmgr32.dll
0x00000000659f0000 - 0x00000000659ff000 	C:\Program Files\Java\jdk1.8.0_40\jre\bin\verify.dll
0x00000000659c0000 - 0x00000000659e9000 	C:\Program Files\Java\jdk1.8.0_40\jre\bin\java.dll
0x00000000659a0000 - 0x00000000659b6000 	C:\Program Files\Java\jdk1.8.0_40\jre\bin\zip.dll
0x00007ffc2db40000 - 0x00007ffc2f09c000 	C:\WINDOWS\system32\SHELL32.dll
0x00007ffc2cbd0000 - 0x00007ffc2d215000 	C:\WINDOWS\system32\windows.storage.dll
0x00007ffc2dad0000 - 0x00007ffc2db22000 	C:\WINDOWS\system32\shlwapi.dll
0x00007ffc2cbc0000 - 0x00007ffc2cbcf000 	C:\WINDOWS\system32\kernel.appcore.dll
0x00007ffc2d860000 - 0x00007ffc2d915000 	C:\WINDOWS\system32\shcore.dll
0x00007ffc2cb50000 - 0x00007ffc2cb9b000 	C:\WINDOWS\system32\powrprof.dll
0x00007ffc2cba0000 - 0x00007ffc2cbb4000 	C:\WINDOWS\system32\profapi.dll
0x00007ffc28a70000 - 0x00007ffc28bfc000 	C:\WINDOWS\SYSTEM32\dbghelp.dll

VM Arguments:
jvm_args: -Djava.awt.headless=true -Xmx1024M -Dfile.encoding=windows-1252 -Duser.country=DE -Duser.language=de -Duser.variant 
java_command: com.android.dx.command.Main --dex --force-jumbo --num-threads=4 --multi-dex --output C:\Users\Lou\Desktop\kaist_cs482_2016_team1\android\pacman\build\intermediates\transforms\dex\debug\folders\1000\5\slice_7 C:\Users\Lou\Desktop\kaist_cs482_2016_team1\android\pacman\build\intermediates\transforms\instantRunSlicer\debug\folders\1\5\slice_7
java_class_path (initial): C:\Users\Lou\AppData\Local\Android\sdk\build-tools\24.0.1\lib\dx.jar
Launcher Type: SUN_STANDARD

Environment Variables:
JAVA_HOME=C:\Program Files\Java\jdk1.8.0_40
PATH=C:\ProgramData\Oracle\Java\javapath;C:\windows\system32;C:\windows;C:\windows\System32\Wbem;C:\windows\System32\WindowsPowerShell\v1.0\;C:\Program Files (x86)\Windows Kits\8.1\Windows Performance Toolkit\;C:\Program Files\Microsoft SQL Server\110\Tools\Binn\;C:\Program Files (x86)\Microsoft SDKs\TypeScript\1.0\;C:\Program Files\Microsoft SQL Server\120\Tools\Binn\;C:\Program Files (x86)\MiKTeX 2.9\miktex\bin\;c:\Program Files (x86)\Microsoft SQL Server\100\Tools\Binn\;c:\Program Files\Microsoft SQL Server\100\Tools\Binn\;c:\Program Files\Microsoft SQL Server\100\DTS\Binn\;C:\Program Files\nodejs\;C:\Program Files\MongoDB\Server\3.0\bin;C:\Python34\Scripts;C:\Program Files\apache-ant-1.9.4\bin;C:\Program Files\MATLAB\R2015a\runtime\win64;C:\Program Files\MATLAB\R2015a\bin;C:\Program Files\MATLAB\R2015a\polyspace\bin;C:\WINDOWS\system32;C:\WINDOWS;C:\WINDOWS\System32\Wbem;C:\WINDOWS\System32\WindowsPowerShell\v1.0\;C:\Program Files (x86)\Skype\Phone\;C:\Users\Lou\AppData\Roaming\npm
USERNAME=Lou
OS=Windows_NT
PROCESSOR_IDENTIFIER=Intel64 Family 6 Model 69 Stepping 1, GenuineIntel



---------------  S Y S T E M  ---------------

OS: Windows 10.0 , 64 bit Build 10586 (10.0.10586.589)

CPU:total 4 (2 cores per cpu, 2 threads per core) family 6 model 69 stepping 1, cmov, cx8, fxsr, mmx, sse, sse2, sse3, ssse3, sse4.1, sse4.2, popcnt, avx, avx2, aes, clmul, erms, lzcnt, ht, tsc, tscinvbit, bmi1, bmi2

Memory: 4k page, physical 8291400k(2300632k free), swap 33457224k(7596k free)

vm_info: Java HotSpot(TM) 64-Bit Server VM (25.40-b25) for windows-amd64 JRE (1.8.0_40-b25), built on Feb 10 2015 21:53:57 by "java_re" with MS VC++ 10.0 (VS2010)

time: Fri Sep 30 14:34:14 2016
elapsed time: 4 seconds (0d 0h 0m 4s)

